  XPlaneAsSimEnvPluginWin.cpp
  XPlaneAsSimEnvPlugin.cpp
e:\google_drive\program\xplane\xplaneassimenvplugin_20220507\xplaneasvisualizerplugin\xplaneassimenvplugin.cpp(180): warning C4996: 'strcpy': This function or variable may be unsafe. Consider using strcpy_s instead. To disable deprecation, use _CRT_SECURE_NO_WARNINGS. See online help for details.
  c:\program files (x86)\windows kits\10\include\10.0.17763.0\ucrt\string.h(133): note: 請參閱 'strcpy' 的宣告
e:\google_drive\program\xplane\xplaneassimenvplugin_20220507\xplaneasvisualizerplugin\xplaneassimenvplugin.cpp(181): warning C4996: 'strcpy': This function or variable may be unsafe. Consider using strcpy_s instead. To disable deprecation, use _CRT_SECURE_NO_WARNINGS. See online help for details.
  c:\program files (x86)\windows kits\10\include\10.0.17763.0\ucrt\string.h(133): note: 請參閱 'strcpy' 的宣告
e:\google_drive\program\xplane\xplaneassimenvplugin_20220507\xplaneasvisualizerplugin\xplaneassimenvplugin.cpp(182): warning C4996: 'strcpy': This function or variable may be unsafe. Consider using strcpy_s instead. To disable deprecation, use _CRT_SECURE_NO_WARNINGS. See online help for details.
  c:\program files (x86)\windows kits\10\include\10.0.17763.0\ucrt\string.h(133): note: 請參閱 'strcpy' 的宣告
e:\google_drive\program\xplane\xplaneassimenvplugin_20220507\xplaneasvisualizerplugin\xplaneassimenvplugin.cpp(323): warning C4996: 'strcpy': This function or variable may be unsafe. Consider using strcpy_s instead. To disable deprecation, use _CRT_SECURE_NO_WARNINGS. See online help for details.
  c:\program files (x86)\windows kits\10\include\10.0.17763.0\ucrt\string.h(133): note: 請參閱 'strcpy' 的宣告
e:\google_drive\program\xplane\xplaneassimenvplugin_20220507\xplaneasvisualizerplugin\xplaneassimenvplugin.cpp(324): warning C4996: 'strcat': This function or variable may be unsafe. Consider using strcat_s instead. To disable deprecation, use _CRT_SECURE_NO_WARNINGS. See online help for details.
  c:\program files (x86)\windows kits\10\include\10.0.17763.0\ucrt\string.h(90): note: 請參閱 'strcat' 的宣告
e:\google_drive\program\xplane\xplaneassimenvplugin_20220507\xplaneasvisualizerplugin\xplaneassimenvplugin.cpp(324): warning C4996: 'ltoa': The POSIX name for this item is deprecated. Instead, use the ISO C and C++ conformant name: _ltoa. See online help for details.
  c:\program files (x86)\windows kits\10\include\10.0.17763.0\ucrt\stdlib.h(1330): note: 請參閱 'ltoa' 的宣告
e:\google_drive\program\xplane\xplaneassimenvplugin_20220507\xplaneasvisualizerplugin\xplaneassimenvplugin.cpp(308): warning C4101: 'recvGear_i': 未參考的區域變數
e:\google_drive\program\xplane\xplaneassimenvplugin_20220507\xplaneasvisualizerplugin\xplaneassimenvplugin.cpp(347): warning C4996: 'strcat': This function or variable may be unsafe. Consider using strcat_s instead. To disable deprecation, use _CRT_SECURE_NO_WARNINGS. See online help for details.
  c:\program files (x86)\windows kits\10\include\10.0.17763.0\ucrt\string.h(90): note: 請參閱 'strcat' 的宣告
e:\google_drive\program\xplane\xplaneassimenvplugin_20220507\xplaneasvisualizerplugin\xplaneassimenvplugin.cpp(348): warning C4996: 'strcat': This function or variable may be unsafe. Consider using strcat_s instead. To disable deprecation, use _CRT_SECURE_NO_WARNINGS. See online help for details.
  c:\program files (x86)\windows kits\10\include\10.0.17763.0\ucrt\string.h(90): note: 請參閱 'strcat' 的宣告
e:\google_drive\program\xplane\xplaneassimenvplugin_20220507\xplaneasvisualizerplugin\xplaneassimenvplugin.cpp(349): warning C4996: 'strcpy': This function or variable may be unsafe. Consider using strcpy_s instead. To disable deprecation, use _CRT_SECURE_NO_WARNINGS. See online help for details.
  c:\program files (x86)\windows kits\10\include\10.0.17763.0\ucrt\string.h(133): note: 請參閱 'strcpy' 的宣告
e:\google_drive\program\xplane\xplaneassimenvplugin_20220507\xplaneasvisualizerplugin\xplaneassimenvplugin.cpp(351): warning C4244: '=': 將 'double' 轉換為 'float'，由於類型不同，可能導致資料遺失
e:\google_drive\program\xplane\xplaneassimenvplugin_20220507\xplaneasvisualizerplugin\xplaneassimenvplugin.cpp(352): warning C4244: '=': 將 'double' 轉換為 'float'，由於類型不同，可能導致資料遺失
e:\google_drive\program\xplane\xplaneassimenvplugin_20220507\xplaneasvisualizerplugin\xplaneassimenvplugin.cpp(353): warning C4244: '=': 將 'double' 轉換為 'float'，由於類型不同，可能導致資料遺失
e:\google_drive\program\xplane\xplaneassimenvplugin_20220507\xplaneasvisualizerplugin\xplaneassimenvplugin.cpp(357): warning C4305: 'return': 從 'double' 轉換為 'float'，是由較大的類型轉換為較小的類型，可能導致資料遺失
e:\google_drive\program\xplane\xplaneassimenvplugin_20220507\xplaneasvisualizerplugin\xplaneassimenvplugin.cpp(345): warning C4996: 'ltoa': The POSIX name for this item is deprecated. Instead, use the ISO C and C++ conformant name: _ltoa. See online help for details.
  c:\program files (x86)\windows kits\10\include\10.0.17763.0\ucrt\stdlib.h(1330): note: 請參閱 'ltoa' 的宣告
e:\google_drive\program\xplane\xplaneassimenvplugin_20220507\xplaneasvisualizerplugin\xplaneassimenvplugin.cpp(346): warning C4996: 'ltoa': The POSIX name for this item is deprecated. Instead, use the ISO C and C++ conformant name: _ltoa. See online help for details.
  c:\program files (x86)\windows kits\10\include\10.0.17763.0\ucrt\stdlib.h(1330): note: 請參閱 'ltoa' 的宣告
  XPlane_GIMcom.cpp
e:\google_drive\program\xplane\xplaneassimenvplugin_20220507\xplaneasvisualizerplugin\xplane_gimcom.cpp(73): warning C4244: '=': 將 'UINT16' 轉換為 'unsigned char'，由於類型不同，可能導致資料遺失
e:\google_drive\program\xplane\xplaneassimenvplugin_20220507\xplaneasvisualizerplugin\xplane_gimcom.cpp(75): warning C4244: '=': 將 'UINT16' 轉換為 'unsigned char'，由於類型不同，可能導致資料遺失
e:\google_drive\program\xplane\xplaneassimenvplugin_20220507\xplaneasvisualizerplugin\xplane_gimcom.cpp(77): warning C4244: '=': 將 'UINT16' 轉換為 'unsigned char'，由於類型不同，可能導致資料遺失
e:\google_drive\program\xplane\xplaneassimenvplugin_20220507\xplaneasvisualizerplugin\xplane_gimcom.cpp(93): warning C4018: '<': signed/unsigned 不相符
     正在建立程式庫 E:\Google_Drive\Program\Xplane\XPlaneAsSimEnvPlugin_20220507\Release\XPlaneAsSimEnvPlugin.lib 和物件 E:\Google_Drive\Program\Xplane\XPlaneAsSimEnvPlugin_20220507\Release\XPlaneAsSimEnvPlugin.exp
  正在產生程式碼
  19 of 19 functions (100.0%) were compiled.
    1 functions were new in current compilation
    0 functions had inline decision re-evaluated but remain unchanged
  已完成程式碼產生
  XPlaneAsVisualizerPlugin.vcxproj -> E:\Google_Drive\Program\Xplane\XPlaneAsSimEnvPlugin_20220507\Release\XPlaneAsSimEnvPlugin.xpl
